TN:
SF:script/ComputePairHash.s.sol
DA:9,0
FN:9,ComputePairHashScript.run
FNDA:0,ComputePairHashScript.run
DA:10,0
DA:11,0
DA:12,0
FNF:1
FNH:0
LF:4
LH:0
BRF:0
BRH:0
end_of_record
TN:
SF:script/ComputePairHash.sol
DA:7,0
FN:7,ComputePairHash.getPairHash
FNDA:0,ComputePairHash.getPairHash
DA:8,0
FNF:1
FNH:0
LF:2
LH:0
BRF:0
BRH:0
end_of_record
TN:
SF:script/Counter.s.sol
DA:10,0
FN:10,CounterScript.setUp
FNDA:0,CounterScript.setUp
DA:12,0
FN:12,CounterScript.run
FNDA:0,CounterScript.run
DA:13,0
DA:15,0
DA:17,0
FNF:2
FNH:0
LF:5
LH:0
BRF:0
BRH:0
end_of_record
TN:
SF:src/Counter.sol
DA:7,258
FN:7,Counter.setNumber
FNDA:258,Counter.setNumber
DA:8,258
DA:11,1
FN:11,Counter.increment
FNDA:1,Counter.increment
DA:12,1
FNF:2
FNH:2
LF:4
LH:4
BRF:0
BRH:0
end_of_record
TN:
SF:src/UniswapV2Factory.sol
DA:15,34
FN:15,UniswapV2Factory.constructor
FNDA:34,UniswapV2Factory.constructor
DA:16,34
DA:19,1
FN:19,UniswapV2Factory.allPairsLength
FNDA:1,UniswapV2Factory.allPairsLength
DA:20,1
DA:23,32
FN:23,UniswapV2Factory.createPair
FNDA:32,UniswapV2Factory.createPair
DA:24,32
BRDA:24,0,0,1
BRDA:24,0,1,31
DA:25,31
DA:26,31
BRDA:26,1,0,1
BRDA:26,1,1,30
DA:27,30
BRDA:27,2,0,1
BRDA:27,2,1,29
DA:28,29
DA:29,29
DA:31,29
DA:33,29
DA:34,29
DA:35,29
DA:36,29
DA:37,29
DA:40,3
FN:40,UniswapV2Factory.setFeeTo
FNDA:3,UniswapV2Factory.setFeeTo
DA:41,3
BRDA:41,3,0,1
BRDA:41,3,1,2
DA:42,2
DA:45,2
FN:45,UniswapV2Factory.setFeeToSetter
FNDA:2,UniswapV2Factory.setFeeToSetter
DA:46,2
BRDA:46,4,0,1
BRDA:46,4,1,1
DA:47,1
FNF:5
FNH:5
LF:23
LH:23
BRF:10
BRH:10
end_of_record
TN:
SF:src/UniswapV2Pair.sol
DA:34,10
FN:34,UniswapV2Pair.lock
FNDA:10,UniswapV2Pair.lock
DA:35,10
BRDA:35,0,0,-
BRDA:35,0,1,1
DA:36,10
DA:38,10
DA:41,1
FN:41,UniswapV2Pair.getMinimumLiquidity
FNDA:1,UniswapV2Pair.getMinimumLiquidity
DA:42,1
DA:45,31
FN:45,UniswapV2Pair.getReserves
FNDA:31,UniswapV2Pair.getReserves
DA:46,74
DA:47,74
DA:48,74
DA:51,26
FN:51,UniswapV2Pair._safeTransfer
FNDA:26,UniswapV2Pair._safeTransfer
DA:52,26
DA:53,26
BRDA:53,1,0,-
BRDA:53,1,1,26
DA:68,33
FN:68,UniswapV2Pair.constructor
FNDA:33,UniswapV2Pair.constructor
DA:69,33
DA:73,33
FN:73,UniswapV2Pair.initialize
FNDA:33,UniswapV2Pair.initialize
DA:74,33
BRDA:74,2,0,-
BRDA:74,2,1,33
DA:75,33
DA:76,33
DA:80,44
FN:80,UniswapV2Pair._update
FNDA:44,UniswapV2Pair._update
DA:81,44
BRDA:81,3,0,-
BRDA:81,3,1,44
DA:82,44
DA:83,44
DA:84,44
BRDA:84,4,0,1
DA:86,1
DA:87,1
DA:89,44
DA:90,44
DA:91,44
DA:92,44
DA:96,33
FN:96,UniswapV2Pair._mintFee
FNDA:33,UniswapV2Pair._mintFee
DA:97,33
DA:98,33
DA:99,33
DA:100,3
BRDA:100,5,0,3
BRDA:100,5,1,30
DA:101,3
BRDA:101,6,0,2
DA:102,2
DA:103,2
DA:104,2
BRDA:104,7,0,-
DA:105,0
DA:106,0
DA:107,0
DA:108,0
BRDA:108,8,0,-
DA:111,30
BRDA:111,9,0,-
DA:112,0
DA:117,26
FN:117,UniswapV2Pair.mint
FNDA:26,UniswapV2Pair.mint
DA:118,26
DA:119,26
DA:120,26
DA:121,26
DA:122,26
DA:124,26
DA:125,26
DA:126,26
BRDA:126,10,0,23
BRDA:126,10,1,3
DA:127,23
DA:128,23
DA:130,3
DA:132,26
BRDA:132,11,0,-
BRDA:132,11,1,26
DA:133,26
DA:135,26
DA:136,2
BRDA:136,12,0,2
DA:137,26
DA:141,7
FN:141,UniswapV2Pair.burn
FNDA:7,UniswapV2Pair.burn
DA:142,7
DA:143,7
DA:144,7
DA:145,7
DA:146,7
DA:147,7
DA:149,7
DA:150,7
DA:151,7
DA:152,7
DA:153,7
BRDA:153,13,0,-
BRDA:153,13,1,7
DA:154,7
DA:155,7
DA:156,7
DA:157,7
DA:158,7
DA:160,7
DA:161,1
BRDA:161,14,0,1
DA:162,7
DA:166,10
FN:166,UniswapV2Pair.swap
FNDA:10,UniswapV2Pair.swap
DA:167,10
BRDA:167,15,0,-
BRDA:167,15,1,10
DA:168,10
DA:169,10
BRDA:169,16,0,-
BRDA:169,16,1,10
DA:171,10
DA:172,10
DA:174,10
DA:175,10
DA:176,10
BRDA:176,17,0,-
BRDA:176,17,1,10
DA:177,10
BRDA:177,18,0,3
DA:178,10
BRDA:178,19,0,7
DA:179,10
BRDA:179,20,0,-
DA:180,10
DA:181,10
DA:183,10
DA:184,10
DA:185,10
BRDA:185,21,0,-
BRDA:185,21,1,10
DA:187,10
DA:188,10
DA:189,10
BRDA:189,22,0,-
BRDA:189,22,1,10
DA:192,10
DA:193,10
DA:197,1
FN:197,UniswapV2Pair.skim
FNDA:1,UniswapV2Pair.skim
DA:198,1
DA:199,1
DA:200,1
DA:201,1
DA:205,1
FN:205,UniswapV2Pair.sync
FNDA:1,UniswapV2Pair.sync
DA:206,1
FNF:13
FNH:13
LF:111
LH:106
BRF:36
BRH:21
end_of_record
TN:
SF:src/UniswapV2Router02.sol
DA:18,2
FN:18,UniswapV2Router02.ensure
FNDA:2,UniswapV2Router02.ensure
DA:19,2
BRDA:19,0,0,-
BRDA:19,0,1,1
DA:23,22
FN:23,UniswapV2Router02.constructor
FNDA:22,UniswapV2Router02.constructor
DA:24,22
DA:25,22
DA:28,6
FN:28,UniswapV2Router02.receive
FNDA:6,UniswapV2Router02.receive
DA:29,6
DA:33,21
FN:33,UniswapV2Router02._addLiquidity
FNDA:21,UniswapV2Router02._addLiquidity
DA:42,21
BRDA:42,1,0,18
DA:43,18
DA:45,21
DA:46,21
BRDA:46,2,0,19
BRDA:46,2,1,1
DA:47,19
DA:49,2
DA:50,2
BRDA:50,3,0,1
BRDA:50,3,1,1
DA:51,1
BRDA:51,4,0,-
BRDA:51,4,1,1
DA:52,1
DA:54,1
DA:55,1
DA:56,1
BRDA:56,5,0,-
BRDA:56,5,1,1
DA:57,1
DA:61,17
FN:61,UniswapV2Router02.addLiquidity
FNDA:17,UniswapV2Router02.addLiquidity
DA:71,17
DA:72,17
DA:73,17
DA:74,17
DA:75,17
DA:77,4
FN:77,UniswapV2Router02.addLiquidityETH
FNDA:4,UniswapV2Router02.addLiquidityETH
DA:85,4
DA:93,4
DA:94,4
DA:95,4
DA:96,4
DA:97,4
DA:99,4
BRDA:99,6,0,-
DA:103,1
FN:103,UniswapV2Router02.removeLiquidity
FNDA:1,UniswapV2Router02.removeLiquidity
DA:112,5
DA:113,5
DA:114,5
DA:115,5
DA:116,5
DA:117,5
BRDA:117,7,0,-
BRDA:117,7,1,5
DA:118,5
BRDA:118,8,0,-
BRDA:118,8,1,5
DA:120,1
FN:120,UniswapV2Router02.removeLiquidityETH
FNDA:1,UniswapV2Router02.removeLiquidityETH
DA:128,2
DA:137,2
DA:138,2
DA:139,2
DA:141,1
FN:141,UniswapV2Router02.removeLiquidityWithPermit
FNDA:1,UniswapV2Router02.removeLiquidityWithPermit
DA:151,1
DA:152,1
DA:153,1
DA:154,1
DA:156,1
FN:156,UniswapV2Router02.removeLiquidityETHWithPermit
FNDA:1,UniswapV2Router02.removeLiquidityETHWithPermit
DA:165,1
DA:166,1
DA:167,1
DA:168,1
DA:172,0
FN:172,UniswapV2Router02.removeLiquidityETHSupportingFeeOnTransferTokens
FNDA:0,UniswapV2Router02.removeLiquidityETHSupportingFeeOnTransferTokens
DA:180,1
DA:189,1
DA:190,1
DA:191,1
DA:193,1
FN:193,UniswapV2Router02.removeLiquidityETHWithPermitSupportingFeeOnTransferTokens
FNDA:1,UniswapV2Router02.removeLiquidityETHWithPermitSupportingFeeOnTransferTokens
DA:202,1
DA:203,1
DA:204,1
DA:205,1
DA:212,6
FN:212,UniswapV2Router02._swap
FNDA:6,UniswapV2Router02._swap
DA:213,6
DA:214,6
DA:215,6
DA:216,6
DA:217,6
DA:218,6
DA:219,6
DA:224,1
FN:224,UniswapV2Router02.swapExactTokensForTokens
FNDA:1,UniswapV2Router02.swapExactTokensForTokens
DA:231,1
DA:232,1
BRDA:232,9,0,-
BRDA:232,9,1,1
DA:233,1
DA:236,1
DA:238,1
FN:238,UniswapV2Router02.swapTokensForExactTokens
FNDA:1,UniswapV2Router02.swapTokensForExactTokens
DA:245,1
DA:246,1
BRDA:246,10,0,-
BRDA:246,10,1,1
DA:247,1
DA:250,1
DA:252,1
FN:252,UniswapV2Router02.swapExactETHForTokens
FNDA:1,UniswapV2Router02.swapExactETHForTokens
DA:260,1
BRDA:260,11,0,-
BRDA:260,11,1,1
DA:261,1
DA:262,1
BRDA:262,12,0,-
BRDA:262,12,1,1
DA:263,1
DA:264,1
DA:265,1
DA:267,1
FN:267,UniswapV2Router02.swapTokensForExactETH
FNDA:1,UniswapV2Router02.swapTokensForExactETH
DA:274,1
BRDA:274,13,0,-
BRDA:274,13,1,1
DA:275,1
DA:276,1
BRDA:276,14,0,-
BRDA:276,14,1,1
DA:277,1
DA:280,1
DA:281,1
DA:282,1
DA:284,1
FN:284,UniswapV2Router02.swapExactTokensForETH
FNDA:1,UniswapV2Router02.swapExactTokensForETH
DA:291,1
BRDA:291,15,0,-
BRDA:291,15,1,1
DA:292,1
DA:293,1
BRDA:293,16,0,-
BRDA:293,16,1,1
DA:294,1
DA:297,1
DA:298,1
DA:299,1
DA:301,1
FN:301,UniswapV2Router02.swapETHForExactTokens
FNDA:1,UniswapV2Router02.swapETHForExactTokens
DA:309,1
BRDA:309,17,0,-
BRDA:309,17,1,1
DA:310,1
DA:311,1
BRDA:311,18,0,-
BRDA:311,18,1,1
DA:312,1
DA:313,1
DA:314,1
DA:316,1
BRDA:316,19,0,1
DA:321,3
FN:321,UniswapV2Router02._swapSupportingFeeOnTransferTokens
FNDA:3,UniswapV2Router02._swapSupportingFeeOnTransferTokens
DA:322,3
DA:323,3
DA:324,3
DA:325,3
DA:326,3
DA:327,3
DA:329,3
DA:330,3
DA:331,3
DA:332,3
DA:334,3
DA:335,3
DA:336,3
DA:339,1
FN:339,UniswapV2Router02.swapExactTokensForTokensSupportingFeeOnTransferTokens
FNDA:1,UniswapV2Router02.swapExactTokensForTokensSupportingFeeOnTransferTokens
DA:346,1
DA:349,1
DA:350,1
DA:351,1
BRDA:351,20,0,-
BRDA:351,20,1,1
DA:356,1
FN:356,UniswapV2Router02.swapExactETHForTokensSupportingFeeOnTransferTokens
FNDA:1,UniswapV2Router02.swapExactETHForTokensSupportingFeeOnTransferTokens
DA:368,1
BRDA:368,21,0,-
BRDA:368,21,1,1
DA:369,1
DA:370,1
DA:371,1
DA:372,1
DA:373,1
DA:374,1
BRDA:374,22,0,-
BRDA:374,22,1,1
DA:379,1
FN:379,UniswapV2Router02.swapExactTokensForETHSupportingFeeOnTransferTokens
FNDA:1,UniswapV2Router02.swapExactTokensForETHSupportingFeeOnTransferTokens
DA:391,1
BRDA:391,23,0,-
BRDA:391,23,1,1
DA:392,1
DA:395,1
DA:396,1
DA:397,1
BRDA:397,24,0,-
BRDA:397,24,1,1
DA:398,1
DA:399,1
DA:403,1
FN:403,UniswapV2Router02.quote
FNDA:1,UniswapV2Router02.quote
DA:404,1
DA:407,1
FN:407,UniswapV2Router02.getAmountOut
FNDA:1,UniswapV2Router02.getAmountOut
DA:414,1
DA:417,1
FN:417,UniswapV2Router02.getAmountIn
FNDA:1,UniswapV2Router02.getAmountIn
DA:424,1
DA:427,0
FN:427,UniswapV2Router02.getAmountsOut
FNDA:0,UniswapV2Router02.getAmountsOut
DA:434,0
DA:437,0
FN:437,UniswapV2Router02.getAmountsIn
FNDA:0,UniswapV2Router02.getAmountsIn
DA:444,0
FNF:28
FNH:25
LF:162
LH:157
BRF:47
BRH:26
end_of_record
TN:
SF:src/libraries/Math.sol
DA:6,3
FN:6,Math.min
FNDA:3,Math.min
DA:7,3
DA:11,27
FN:11,Math.sqrt
FNDA:27,Math.sqrt
DA:12,27
BRDA:12,0,0,27
BRDA:12,0,1,-
DA:13,27
DA:14,27
DA:15,1782
DA:16,1755
DA:17,1755
DA:19,0
BRDA:19,1,0,-
DA:20,0
FNF:2
FNH:2
LF:11
LH:9
BRF:3
BRH:1
end_of_record
TN:
SF:src/libraries/SafeMath.sol
DA:5,13
FN:5,SafeMath.add
FNDA:13,SafeMath.add
DA:6,13
DA:9,10
FN:9,SafeMath.sub
FNDA:10,SafeMath.sub
DA:10,10
DA:13,43
FN:13,SafeMath.mul
FNDA:43,SafeMath.mul
DA:14,43
DA:17,0
FN:17,SafeMath.div
FNDA:0,SafeMath.div
DA:18,0
FNF:4
FNH:3
LF:8
LH:6
BRF:0
BRH:0
end_of_record
TN:
SF:src/libraries/UQ112x112.sol
DA:12,2
FN:12,UQ112x112.encode
FNDA:2,UQ112x112.encode
DA:13,2
DA:17,2
FN:17,UQ112x112.uqdiv
FNDA:2,UQ112x112.uqdiv
DA:18,2
FNF:2
FNH:2
LF:4
LH:4
BRF:0
BRH:0
end_of_record
TN:
SF:src/libraries/UniswapV2Library.sol
DA:11,122
FN:11,UniswapV2Library.sortTokens
FNDA:122,UniswapV2Library.sortTokens
DA:12,122
BRDA:12,0,0,-
BRDA:12,0,1,122
DA:13,122
DA:14,122
BRDA:14,1,0,-
BRDA:14,1,1,122
DA:18,80
FN:18,UniswapV2Library.pairFor
FNDA:80,UniswapV2Library.pairFor
DA:19,80
DA:20,80
DA:29,27
FN:29,UniswapV2Library.getReserves
FNDA:27,UniswapV2Library.getReserves
DA:30,27
DA:31,27
DA:32,27
DA:36,4
FN:36,UniswapV2Library.quote
FNDA:4,UniswapV2Library.quote
DA:37,4
BRDA:37,2,0,-
BRDA:37,2,1,4
DA:38,4
BRDA:38,3,0,-
BRDA:38,3,1,4
DA:39,4
DA:43,8
FN:43,UniswapV2Library.getAmountOut
FNDA:8,UniswapV2Library.getAmountOut
DA:44,8
BRDA:44,4,0,-
BRDA:44,4,1,8
DA:45,8
BRDA:45,5,0,-
BRDA:45,5,1,8
DA:46,8
DA:47,8
DA:48,8
DA:49,8
DA:53,5
FN:53,UniswapV2Library.getAmountIn
FNDA:5,UniswapV2Library.getAmountIn
DA:54,5
BRDA:54,6,0,-
BRDA:54,6,1,5
DA:55,5
BRDA:55,7,0,-
BRDA:55,7,1,5
DA:56,5
DA:57,5
DA:58,5
DA:62,3
FN:62,UniswapV2Library.getAmountsOut
FNDA:3,UniswapV2Library.getAmountsOut
DA:63,3
BRDA:63,8,0,-
BRDA:63,8,1,3
DA:64,3
DA:65,3
DA:66,3
DA:67,3
DA:68,3
DA:73,3
FN:73,UniswapV2Library.getAmountsIn
FNDA:3,UniswapV2Library.getAmountsIn
DA:74,3
BRDA:74,9,0,-
BRDA:74,9,1,3
DA:75,3
DA:76,3
DA:77,3
DA:78,3
DA:79,3
FNF:8
FNH:8
LF:42
LH:42
BRF:20
BRH:10
end_of_record
TN:
SF:src/libraries/UniswapV2LiquidityMathLibrary.sol
DA:17,0
FN:17,UniswapV2LiquidityMathLibrary.computeProfitMaximizingTrade
FNDA:0,UniswapV2LiquidityMathLibrary.computeProfitMaximizingTrade
DA:23,0
DA:25,0
DA:27,0
DA:34,0
DA:36,0
DA:39,0
DA:43,0
FN:43,UniswapV2LiquidityMathLibrary.getReservesAfterArbitrage
FNDA:0,UniswapV2LiquidityMathLibrary.getReservesAfterArbitrage
DA:51,0
DA:53,0
BRDA:53,1,0,-
BRDA:53,1,1,-
DA:56,0
DA:58,0
BRDA:58,2,0,-
DA:59,0
DA:63,0
BRDA:63,3,0,-
BRDA:63,3,1,-
DA:64,0
DA:65,0
DA:66,0
DA:68,0
DA:69,0
DA:70,0
DA:75,0
FN:75,UniswapV2LiquidityMathLibrary.computeLiquidityValue
FNDA:0,UniswapV2LiquidityMathLibrary.computeLiquidityValue
DA:83,0
BRDA:83,4,0,-
DA:84,0
DA:85,0
DA:86,0
BRDA:86,5,0,-
DA:87,0
DA:88,0
DA:89,0
DA:90,0
DA:91,0
DA:94,0
DA:100,0
FN:100,UniswapV2LiquidityMathLibrary.getLiquidityValue
FNDA:0,UniswapV2LiquidityMathLibrary.getLiquidityValue
DA:106,0
DA:107,0
DA:108,0
DA:109,0
DA:110,0
DA:111,0
DA:116,0
FN:116,UniswapV2LiquidityMathLibrary.getLiquidityValueAfterArbitrageToPrice
FNDA:0,UniswapV2LiquidityMathLibrary.getLiquidityValueAfterArbitrageToPrice
DA:127,0
DA:128,0
DA:129,0
DA:130,0
DA:133,0
BRDA:133,6,0,-
BRDA:133,6,1,-
DA:135,0
DA:137,0
FNF:5
FNH:0
LF:46
LH:0
BRF:9
BRH:0
end_of_record
TN:
SF:src/libraries/UniswapV2OracleLibrary.sol
DA:11,0
FN:11,UniswapV2OracleLibrary.currentBlockTimestamp
FNDA:0,UniswapV2OracleLibrary.currentBlockTimestamp
DA:12,0
DA:16,0
FN:16,UniswapV2OracleLibrary.currentCumulativePrices
FNDA:0,UniswapV2OracleLibrary.currentCumulativePrices
DA:19,0
DA:20,0
DA:21,0
DA:24,0
DA:25,0
BRDA:25,0,0,-
DA:27,0
DA:30,0
DA:32,0
FNF:2
FNH:0
LF:11
LH:0
BRF:1
BRH:0
end_of_record
TN:
SF:test/UniswapV2Router02.t.sol
DA:18,6
FN:18,ERC20Mock.constructor
FNDA:6,ERC20Mock.constructor
DA:19,6
DA:20,6
DA:21,6
DA:22,6
DA:23,6
DA:26,0
FN:26,ERC20Mock.transfer
FNDA:0,ERC20Mock.transfer
DA:27,0
BRDA:27,0,0,-
BRDA:27,0,1,-
DA:28,0
DA:29,0
DA:30,0
DA:33,6
FN:33,ERC20Mock.approve
FNDA:6,ERC20Mock.approve
DA:34,6
DA:35,6
DA:38,2
FN:38,ERC20Mock.transferFrom
FNDA:2,ERC20Mock.transferFrom
DA:39,2
BRDA:39,1,0,-
BRDA:39,1,1,2
DA:40,2
BRDA:40,2,0,-
BRDA:40,2,1,2
DA:41,2
DA:42,2
DA:43,2
DA:44,2
FNF:4
FNH:3
LF:21
LH:16
BRF:6
BRH:2
end_of_record
TN:
SF:test/UniswapV2RouterAdditionalTest.t.sol
DA:24,27
FN:24,MockERC20.constructor
FNDA:27,MockERC20.constructor
DA:30,27
DA:31,27
DA:32,27
DA:33,27
DA:34,27
DA:38,14
FN:38,MockERC20.transfer
FNDA:14,MockERC20.transfer
DA:39,14
BRDA:39,0,0,-
BRDA:39,0,1,14
DA:40,14
DA:41,14
DA:42,14
DA:45,20
FN:45,MockERC20.approve
FNDA:20,MockERC20.approve
DA:46,20
DA:47,20
DA:50,20
FN:50,MockERC20.transferFrom
FNDA:20,MockERC20.transferFrom
DA:55,20
BRDA:55,1,0,-
BRDA:55,1,1,20
DA:56,20
BRDA:56,2,0,-
BRDA:56,2,1,20
DA:57,20
DA:58,20
DA:59,20
DA:60,20
DA:64,0
FN:64,MockERC20.mint
FNDA:0,MockERC20.mint
DA:65,0
DA:66,0
DA:77,6
FN:77,MockWETH.transfer
FNDA:6,MockWETH.transfer
DA:82,6
DA:85,5
FN:85,MockWETH.deposit
FNDA:5,MockWETH.deposit
DA:86,5
DA:87,5
DA:90,3
FN:90,MockWETH.withdraw
FNDA:3,MockWETH.withdraw
DA:91,3
BRDA:91,0,0,-
BRDA:91,0,1,3
DA:92,3
DA:93,3
DA:94,3
DA:98,0
FN:98,MockWETH.receive
FNDA:0,MockWETH.receive
DA:99,0
FNF:9
FNH:7
LF:36
LH:31
BRF:8
BRH:4
end_of_record
TN:
SF:test/UniswapV2Test.t.sol
DA:27,40
FN:27,MockERC20.constructor
FNDA:40,MockERC20.constructor
DA:33,40
DA:34,40
DA:35,40
DA:36,40
DA:37,40
DA:41,37
FN:41,MockERC20.transfer
FNDA:37,MockERC20.transfer
DA:42,37
BRDA:42,0,0,-
BRDA:42,0,1,37
DA:43,37
DA:44,37
DA:45,37
DA:48,23
FN:48,MockERC20.approve
FNDA:23,MockERC20.approve
DA:49,23
DA:50,23
DA:53,22
FN:53,MockERC20.transferFrom
FNDA:22,MockERC20.transferFrom
DA:58,22
BRDA:58,1,0,-
BRDA:58,1,1,22
DA:59,22
BRDA:59,2,0,-
BRDA:59,2,1,22
DA:60,22
DA:61,22
DA:62,22
DA:63,22
DA:67,0
FN:67,MockERC20.mint
FNDA:0,MockERC20.mint
DA:68,0
DA:69,0
DA:80,7
FN:80,MockWETH.transfer
FNDA:7,MockWETH.transfer
DA:85,7
DA:88,8
FN:88,MockWETH.deposit
FNDA:8,MockWETH.deposit
DA:89,8
DA:90,8
DA:93,3
FN:93,MockWETH.withdraw
FNDA:3,MockWETH.withdraw
DA:94,3
BRDA:94,0,0,-
BRDA:94,0,1,3
DA:95,3
DA:96,3
DA:97,3
DA:101,0
FN:101,MockWETH.receive
FNDA:0,MockWETH.receive
DA:102,0
FNF:9
FNH:7
LF:36
LH:31
BRF:8
BRH:4
end_of_record
